<?xml version="1.0" encoding="UTF-8"?>
<!-- Generated by org.testng.reporters.JUnitReportReporter -->
<testsuite hostname="1345c7b81eff" failures="0" tests="9" name="com.umesh.tests.vendorportal.VendorPortalTest" time="90.394" errors="0" timestamp="2024-08-29T14:38:28 GMT" skipped="0">
  <testcase classname="com.umesh.tests.vendorportal.VendorPortalTest" name="logoutTest" time="7.322"/>
  <testcase classname="com.umesh.tests.vendorportal.VendorPortalTest" name="loginTest" time="14.855"/>
  <testcase classname="com.umesh.tests.vendorportal.VendorPortalTest" name="loginTest" time="9.019"/>
  <testcase classname="com.umesh.tests.vendorportal.VendorPortalTest" name="loginTest" time="15.590"/>
  <testcase classname="com.umesh.tests.vendorportal.VendorPortalTest" name="dashboardTest" time="7.584"/>
  <testcase classname="com.umesh.tests.vendorportal.VendorPortalTest" name="dashboardTest" time="8.452"/>
  <testcase classname="com.umesh.tests.vendorportal.VendorPortalTest" name="dashboardTest" time="9.130"/>
  <testcase classname="com.umesh.tests.vendorportal.VendorPortalTest" name="logoutTest" time="9.578"/>
  <testcase classname="com.umesh.tests.vendorportal.VendorPortalTest" name="logoutTest" time="8.864"/>
</testsuite> <!-- com.umesh.tests.vendorportal.VendorPortalTest -->
