<?xml version="1.0" encoding="UTF-8"?>
<!-- Generated by org.testng.reporters.JUnitReportReporter -->
<testsuite hostname="c5d137bacf32" failures="0" tests="20" name="com.umesh.tests.flightreservation.FlightReservationTest" time="126.425" errors="0" timestamp="2024-08-29T16:11:03 GMT" skipped="0">
  <testcase classname="com.umesh.tests.flightreservation.FlightReservationTest" name="flightsSearchTest" time="3.831"/>
  <testcase classname="com.umesh.tests.flightreservation.FlightReservationTest" name="flightsSelectionTest" time="4.105"/>
  <testcase classname="com.umesh.tests.flightreservation.FlightReservationTest" name="flightsSearchTest" time="5.242"/>
  <testcase classname="com.umesh.tests.flightreservation.FlightReservationTest" name="flightsSelectionTest" time="4.457"/>
  <testcase classname="com.umesh.tests.flightreservation.FlightReservationTest" name="userRegistrationTest" time="9.250"/>
  <testcase classname="com.umesh.tests.flightreservation.FlightReservationTest" name="registrationConfirmationTest" time="3.633"/>
  <testcase classname="com.umesh.tests.flightreservation.FlightReservationTest" name="flightsSelectionTest" time="3.959"/>
  <testcase classname="com.umesh.tests.flightreservation.FlightReservationTest" name="flightsSearchTest" time="3.938"/>
  <testcase classname="com.umesh.tests.flightreservation.FlightReservationTest" name="registrationConfirmationTest" time="3.442"/>
  <testcase classname="com.umesh.tests.flightreservation.FlightReservationTest" name="flightsSearchTest" time="5.657"/>
  <testcase classname="com.umesh.tests.flightreservation.FlightReservationTest" name="flightReservationConfirmationTest" time="3.475"/>
  <testcase classname="com.umesh.tests.flightreservation.FlightReservationTest" name="registrationConfirmationTest" time="4.995"/>
  <testcase classname="com.umesh.tests.flightreservation.FlightReservationTest" name="userRegistrationTest" time="11.263"/>
  <testcase classname="com.umesh.tests.flightreservation.FlightReservationTest" name="userRegistrationTest" time="20.421"/>
  <testcase classname="com.umesh.tests.flightreservation.FlightReservationTest" name="userRegistrationTest" time="17.951"/>
  <testcase classname="com.umesh.tests.flightreservation.FlightReservationTest" name="flightReservationConfirmationTest" time="4.304"/>
  <testcase classname="com.umesh.tests.flightreservation.FlightReservationTest" name="flightReservationConfirmationTest" time="4.195"/>
  <testcase classname="com.umesh.tests.flightreservation.FlightReservationTest" name="registrationConfirmationTest" time="3.948"/>
  <testcase classname="com.umesh.tests.flightreservation.FlightReservationTest" name="flightReservationConfirmationTest" time="3.341"/>
  <testcase classname="com.umesh.tests.flightreservation.FlightReservationTest" name="flightsSelectionTest" time="5.018"/>
</testsuite> <!-- com.umesh.tests.flightreservation.FlightReservationTest -->
