<?xml version="1.0" encoding="UTF-8"?>
<!-- Generated by org.testng.reporters.JUnitReportReporter -->
<testsuite hostname="f9d7fb481e17" failures="0" tests="20" name="com.umesh.tests.flightreservation.FlightReservationTest" time="108.756" errors="0" timestamp="2024-08-27T12:37:18 GMT" skipped="0">
  <testcase classname="com.umesh.tests.flightreservation.FlightReservationTest" name="userRegistrationTest" time="11.054"/>
  <testcase classname="com.umesh.tests.flightreservation.FlightReservationTest" name="flightsSearchTest" time="4.512"/>
  <testcase classname="com.umesh.tests.flightreservation.FlightReservationTest" name="flightsSearchTest" time="4.684"/>
  <testcase classname="com.umesh.tests.flightreservation.FlightReservationTest" name="registrationConfirmationTest" time="4.119"/>
  <testcase classname="com.umesh.tests.flightreservation.FlightReservationTest" name="flightReservationConfirmationTest" time="3.524"/>
  <testcase classname="com.umesh.tests.flightreservation.FlightReservationTest" name="flightReservationConfirmationTest" time="3.526"/>
  <testcase classname="com.umesh.tests.flightreservation.FlightReservationTest" name="flightsSelectionTest" time="4.432"/>
  <testcase classname="com.umesh.tests.flightreservation.FlightReservationTest" name="flightReservationConfirmationTest" time="3.581"/>
  <testcase classname="com.umesh.tests.flightreservation.FlightReservationTest" name="flightsSelectionTest" time="4.388"/>
  <testcase classname="com.umesh.tests.flightreservation.FlightReservationTest" name="flightsSearchTest" time="4.640"/>
  <testcase classname="com.umesh.tests.flightreservation.FlightReservationTest" name="flightsSelectionTest" time="4.408"/>
  <testcase classname="com.umesh.tests.flightreservation.FlightReservationTest" name="registrationConfirmationTest" time="4.111"/>
  <testcase classname="com.umesh.tests.flightreservation.FlightReservationTest" name="userRegistrationTest" time="9.978"/>
  <testcase classname="com.umesh.tests.flightreservation.FlightReservationTest" name="flightReservationConfirmationTest" time="3.573"/>
  <testcase classname="com.umesh.tests.flightreservation.FlightReservationTest" name="registrationConfirmationTest" time="4.125"/>
  <testcase classname="com.umesh.tests.flightreservation.FlightReservationTest" name="userRegistrationTest" time="9.891"/>
  <testcase classname="com.umesh.tests.flightreservation.FlightReservationTest" name="flightsSearchTest" time="4.530"/>
  <testcase classname="com.umesh.tests.flightreservation.FlightReservationTest" name="flightsSelectionTest" time="4.504"/>
  <testcase classname="com.umesh.tests.flightreservation.FlightReservationTest" name="registrationConfirmationTest" time="4.071"/>
  <testcase classname="com.umesh.tests.flightreservation.FlightReservationTest" name="userRegistrationTest" time="11.105"/>
</testsuite> <!-- com.umesh.tests.flightreservation.FlightReservationTest -->
