<?xml version="1.0" encoding="UTF-8"?>
<!-- Generated by org.testng.reporters.JUnitReportReporter -->
<testsuite hostname="2f68e6318606" failures="0" tests="20" name="com.umesh.tests.flightreservation.FlightReservationTest" time="182.162" errors="0" timestamp="2024-08-29T14:38:37 GMT" skipped="0">
  <testcase classname="com.umesh.tests.flightreservation.FlightReservationTest" name="registrationConfirmationTest" time="5.668"/>
  <testcase classname="com.umesh.tests.flightreservation.FlightReservationTest" name="flightsSelectionTest" time="4.889"/>
  <testcase classname="com.umesh.tests.flightreservation.FlightReservationTest" name="userRegistrationTest" time="23.570"/>
  <testcase classname="com.umesh.tests.flightreservation.FlightReservationTest" name="registrationConfirmationTest" time="4.499"/>
  <testcase classname="com.umesh.tests.flightreservation.FlightReservationTest" name="flightsSearchTest" time="5.402"/>
  <testcase classname="com.umesh.tests.flightreservation.FlightReservationTest" name="flightsSelectionTest" time="6.797"/>
  <testcase classname="com.umesh.tests.flightreservation.FlightReservationTest" name="flightsSelectionTest" time="6.407"/>
  <testcase classname="com.umesh.tests.flightreservation.FlightReservationTest" name="flightReservationConfirmationTest" time="3.718"/>
  <testcase classname="com.umesh.tests.flightreservation.FlightReservationTest" name="flightReservationConfirmationTest" time="3.475"/>
  <testcase classname="com.umesh.tests.flightreservation.FlightReservationTest" name="flightsSearchTest" time="7.125"/>
  <testcase classname="com.umesh.tests.flightreservation.FlightReservationTest" name="userRegistrationTest" time="27.727"/>
  <testcase classname="com.umesh.tests.flightreservation.FlightReservationTest" name="flightsSelectionTest" time="4.805"/>
  <testcase classname="com.umesh.tests.flightreservation.FlightReservationTest" name="flightsSearchTest" time="4.684"/>
  <testcase classname="com.umesh.tests.flightreservation.FlightReservationTest" name="registrationConfirmationTest" time="3.827"/>
  <testcase classname="com.umesh.tests.flightreservation.FlightReservationTest" name="flightReservationConfirmationTest" time="3.968"/>
  <testcase classname="com.umesh.tests.flightreservation.FlightReservationTest" name="userRegistrationTest" time="22.707"/>
  <testcase classname="com.umesh.tests.flightreservation.FlightReservationTest" name="flightsSearchTest" time="6.872"/>
  <testcase classname="com.umesh.tests.flightreservation.FlightReservationTest" name="userRegistrationTest" time="26.931"/>
  <testcase classname="com.umesh.tests.flightreservation.FlightReservationTest" name="registrationConfirmationTest" time="5.613"/>
  <testcase classname="com.umesh.tests.flightreservation.FlightReservationTest" name="flightReservationConfirmationTest" time="3.478"/>
</testsuite> <!-- com.umesh.tests.flightreservation.FlightReservationTest -->
