<?xml version="1.0" encoding="UTF-8"?>
<!-- Generated by org.testng.reporters.JUnitReportReporter -->
<testsuite hostname="635a1379dece" failures="0" tests="20" name="com.umesh.tests.flightreservation.FlightReservationTest" time="218.852" errors="0" timestamp="2024-08-29T14:52:10 GMT" skipped="0">
  <testcase classname="com.umesh.tests.flightreservation.FlightReservationTest" name="flightReservationConfirmationTest" time="4.914"/>
  <testcase classname="com.umesh.tests.flightreservation.FlightReservationTest" name="flightReservationConfirmationTest" time="3.710"/>
  <testcase classname="com.umesh.tests.flightreservation.FlightReservationTest" name="flightsSelectionTest" time="5.549"/>
  <testcase classname="com.umesh.tests.flightreservation.FlightReservationTest" name="userRegistrationTest" time="36.591"/>
  <testcase classname="com.umesh.tests.flightreservation.FlightReservationTest" name="registrationConfirmationTest" time="4.717"/>
  <testcase classname="com.umesh.tests.flightreservation.FlightReservationTest" name="userRegistrationTest" time="37.299"/>
  <testcase classname="com.umesh.tests.flightreservation.FlightReservationTest" name="flightReservationConfirmationTest" time="4.482"/>
  <testcase classname="com.umesh.tests.flightreservation.FlightReservationTest" name="registrationConfirmationTest" time="4.605"/>
  <testcase classname="com.umesh.tests.flightreservation.FlightReservationTest" name="flightsSearchTest" time="7.672"/>
  <testcase classname="com.umesh.tests.flightreservation.FlightReservationTest" name="flightsSearchTest" time="5.787"/>
  <testcase classname="com.umesh.tests.flightreservation.FlightReservationTest" name="flightReservationConfirmationTest" time="3.808"/>
  <testcase classname="com.umesh.tests.flightreservation.FlightReservationTest" name="flightsSelectionTest" time="6.303"/>
  <testcase classname="com.umesh.tests.flightreservation.FlightReservationTest" name="flightsSearchTest" time="7.463"/>
  <testcase classname="com.umesh.tests.flightreservation.FlightReservationTest" name="userRegistrationTest" time="26.520"/>
  <testcase classname="com.umesh.tests.flightreservation.FlightReservationTest" name="registrationConfirmationTest" time="5.752"/>
  <testcase classname="com.umesh.tests.flightreservation.FlightReservationTest" name="flightsSearchTest" time="6.597"/>
  <testcase classname="com.umesh.tests.flightreservation.FlightReservationTest" name="flightsSelectionTest" time="7.621"/>
  <testcase classname="com.umesh.tests.flightreservation.FlightReservationTest" name="registrationConfirmationTest" time="5.583"/>
  <testcase classname="com.umesh.tests.flightreservation.FlightReservationTest" name="flightsSelectionTest" time="6.740"/>
  <testcase classname="com.umesh.tests.flightreservation.FlightReservationTest" name="userRegistrationTest" time="27.139"/>
</testsuite> <!-- com.umesh.tests.flightreservation.FlightReservationTest -->
